0 info it worked if it ends with ok
1 verbose cli [ '/usr/local/bin/node', '/usr/local/bin/npm', 'install' ]
2 info using npm@3.10.10
3 info using node@v6.10.3
4 silly loadCurrentTree Starting
5 silly install loadCurrentTree
6 silly install readLocalPackageData
7 silly install normalizeTree
8 silly loadCurrentTree Finishing
9 silly loadIdealTree Starting
10 silly install loadIdealTree
11 silly cloneCurrentTree Starting
12 silly install cloneCurrentTreeToIdealTree
13 silly cloneCurrentTree Finishing
14 silly loadShrinkwrap Starting
15 silly install loadShrinkwrap
16 silly loadShrinkwrap Finishing
17 silly loadAllDepsIntoIdealTree Starting
18 silly install loadAllDepsIntoIdealTree
19 silly fetchNamedPackageData bcrypt
20 silly mapToRegistry name bcrypt
21 silly mapToRegistry using default registry
22 silly mapToRegistry registry https://registry.npmjs.org/
23 silly mapToRegistry data Result {
23 silly mapToRegistry   raw: 'bcrypt',
23 silly mapToRegistry   scope: null,
23 silly mapToRegistry   escapedName: 'bcrypt',
23 silly mapToRegistry   name: 'bcrypt',
23 silly mapToRegistry   rawSpec: '',
23 silly mapToRegistry   spec: 'latest',
23 silly mapToRegistry   type: 'tag' }
24 silly mapToRegistry uri https://registry.npmjs.org/bcrypt
25 verbose request uri https://registry.npmjs.org/bcrypt
26 verbose request no auth needed
27 info attempt registry request try #1 at 4:45:34 PM
28 verbose request id 6fa206f36837346a
29 verbose etag W/"594d1c3e-16fcf"
30 verbose lastModified Fri, 23 Jun 2017 13:48:46 GMT
31 http request GET https://registry.npmjs.org/bcrypt
32 http 304 https://registry.npmjs.org/bcrypt
33 verbose headers { date: 'Mon, 26 Jun 2017 09:45:34 GMT',
33 verbose headers   via: '1.1 varnish',
33 verbose headers   'cache-control': 'max-age=300',
33 verbose headers   etag: 'W/"594d1c3e-16fcf"',
33 verbose headers   age: '158',
33 verbose headers   connection: 'keep-alive',
33 verbose headers   'x-served-by': 'cache-sin18024-SIN',
33 verbose headers   'x-cache': 'HIT',
33 verbose headers   'x-cache-hits': '1',
33 verbose headers   'x-timer': 'S1498470335.584816,VS0,VE0',
33 verbose headers   vary: 'Accept-Encoding' }
34 silly get cb [ 304,
34 silly get   { date: 'Mon, 26 Jun 2017 09:45:34 GMT',
34 silly get     via: '1.1 varnish',
34 silly get     'cache-control': 'max-age=300',
34 silly get     etag: 'W/"594d1c3e-16fcf"',
34 silly get     age: '158',
34 silly get     connection: 'keep-alive',
34 silly get     'x-served-by': 'cache-sin18024-SIN',
34 silly get     'x-cache': 'HIT',
34 silly get     'x-cache-hits': '1',
34 silly get     'x-timer': 'S1498470335.584816,VS0,VE0',
34 silly get     vary: 'Accept-Encoding' } ]
35 verbose etag https://registry.npmjs.org/bcrypt from cache
36 verbose get saving bcrypt to /Users/admin/.npm/registry.npmjs.org/bcrypt/.cache.json
37 verbose correctMkdir /Users/admin/.npm correctMkdir not in flight; initializing
38 silly resolveWithNewModule bcrypt@0.8.0 checking installable status
39 silly cache add args [ 'bcrypt@0.8.0', null ]
40 verbose cache add spec bcrypt@0.8.0
41 silly cache add parsed spec Result {
41 silly cache add   raw: 'bcrypt@0.8.0',
41 silly cache add   scope: null,
41 silly cache add   escapedName: 'bcrypt',
41 silly cache add   name: 'bcrypt',
41 silly cache add   rawSpec: '0.8.0',
41 silly cache add   spec: '0.8.0',
41 silly cache add   type: 'version' }
42 silly addNamed bcrypt@0.8.0
43 verbose addNamed "0.8.0" is a plain semver version for bcrypt
44 silly mapToRegistry name bcrypt
45 silly mapToRegistry using default registry
46 silly mapToRegistry registry https://registry.npmjs.org/
47 silly mapToRegistry data Result {
47 silly mapToRegistry   raw: 'bcrypt',
47 silly mapToRegistry   scope: null,
47 silly mapToRegistry   escapedName: 'bcrypt',
47 silly mapToRegistry   name: 'bcrypt',
47 silly mapToRegistry   rawSpec: '',
47 silly mapToRegistry   spec: 'latest',
47 silly mapToRegistry   type: 'tag' }
48 silly mapToRegistry uri https://registry.npmjs.org/bcrypt
49 verbose addNameVersion registry:https://registry.npmjs.org/bcrypt not in flight; fetching
50 verbose get https://registry.npmjs.org/bcrypt not expired, no request
51 silly cache afterAdd bcrypt@0.8.0
52 verbose afterAdd /Users/admin/.npm/bcrypt/0.8.0/package/package.json not in flight; writing
53 verbose correctMkdir /Users/admin/.npm correctMkdir not in flight; initializing
54 verbose afterAdd /Users/admin/.npm/bcrypt/0.8.0/package/package.json written
55 silly fetchNamedPackageData bindings
56 silly mapToRegistry name bindings
57 silly mapToRegistry using default registry
58 silly mapToRegistry registry https://registry.npmjs.org/
59 silly mapToRegistry data Result {
59 silly mapToRegistry   raw: 'bindings',
59 silly mapToRegistry   scope: null,
59 silly mapToRegistry   escapedName: 'bindings',
59 silly mapToRegistry   name: 'bindings',
59 silly mapToRegistry   rawSpec: '',
59 silly mapToRegistry   spec: 'latest',
59 silly mapToRegistry   type: 'tag' }
60 silly mapToRegistry uri https://registry.npmjs.org/bindings
61 silly fetchNamedPackageData nan
62 silly mapToRegistry name nan
63 silly mapToRegistry using default registry
64 silly mapToRegistry registry https://registry.npmjs.org/
65 silly mapToRegistry data Result {
65 silly mapToRegistry   raw: 'nan',
65 silly mapToRegistry   scope: null,
65 silly mapToRegistry   escapedName: 'nan',
65 silly mapToRegistry   name: 'nan',
65 silly mapToRegistry   rawSpec: '',
65 silly mapToRegistry   spec: 'latest',
65 silly mapToRegistry   type: 'tag' }
66 silly mapToRegistry uri https://registry.npmjs.org/nan
67 verbose request uri https://registry.npmjs.org/bindings
68 verbose request no auth needed
69 info attempt registry request try #1 at 4:45:34 PM
70 verbose etag W/"59234f99-46bf"
71 verbose lastModified Mon, 22 May 2017 20:52:41 GMT
72 http request GET https://registry.npmjs.org/bindings
73 verbose request uri https://registry.npmjs.org/nan
74 verbose request no auth needed
75 info attempt registry request try #1 at 4:45:34 PM
76 verbose etag W/"592dfb8f-1f9f8"
77 verbose lastModified Tue, 30 May 2017 23:09:03 GMT
78 http request GET https://registry.npmjs.org/nan
79 http 304 https://registry.npmjs.org/bindings
80 verbose headers { date: 'Mon, 26 Jun 2017 09:45:34 GMT',
80 verbose headers   via: '1.1 varnish',
80 verbose headers   'cache-control': 'max-age=300',
80 verbose headers   etag: 'W/"59234f99-46bf"',
80 verbose headers   age: '34',
80 verbose headers   connection: 'keep-alive',
80 verbose headers   'x-served-by': 'cache-sin18024-SIN',
80 verbose headers   'x-cache': 'HIT',
80 verbose headers   'x-cache-hits': '1',
80 verbose headers   'x-timer': 'S1498470335.704743,VS0,VE0',
80 verbose headers   vary: 'Accept-Encoding' }
81 silly get cb [ 304,
81 silly get   { date: 'Mon, 26 Jun 2017 09:45:34 GMT',
81 silly get     via: '1.1 varnish',
81 silly get     'cache-control': 'max-age=300',
81 silly get     etag: 'W/"59234f99-46bf"',
81 silly get     age: '34',
81 silly get     connection: 'keep-alive',
81 silly get     'x-served-by': 'cache-sin18024-SIN',
81 silly get     'x-cache': 'HIT',
81 silly get     'x-cache-hits': '1',
81 silly get     'x-timer': 'S1498470335.704743,VS0,VE0',
81 silly get     vary: 'Accept-Encoding' } ]
82 verbose etag https://registry.npmjs.org/bindings from cache
83 verbose get saving bindings to /Users/admin/.npm/registry.npmjs.org/bindings/.cache.json
84 verbose correctMkdir /Users/admin/.npm correctMkdir not in flight; initializing
85 silly resolveWithNewModule bindings@1.0.0 checking installable status
86 silly cache add args [ 'bindings@1.0.0', null ]
87 verbose cache add spec bindings@1.0.0
88 silly cache add parsed spec Result {
88 silly cache add   raw: 'bindings@1.0.0',
88 silly cache add   scope: null,
88 silly cache add   escapedName: 'bindings',
88 silly cache add   name: 'bindings',
88 silly cache add   rawSpec: '1.0.0',
88 silly cache add   spec: '1.0.0',
88 silly cache add   type: 'version' }
89 silly addNamed bindings@1.0.0
90 verbose addNamed "1.0.0" is a plain semver version for bindings
91 silly mapToRegistry name bindings
92 silly mapToRegistry using default registry
93 silly mapToRegistry registry https://registry.npmjs.org/
94 silly mapToRegistry data Result {
94 silly mapToRegistry   raw: 'bindings',
94 silly mapToRegistry   scope: null,
94 silly mapToRegistry   escapedName: 'bindings',
94 silly mapToRegistry   name: 'bindings',
94 silly mapToRegistry   rawSpec: '',
94 silly mapToRegistry   spec: 'latest',
94 silly mapToRegistry   type: 'tag' }
95 silly mapToRegistry uri https://registry.npmjs.org/bindings
96 verbose addNameVersion registry:https://registry.npmjs.org/bindings not in flight; fetching
97 verbose get https://registry.npmjs.org/bindings not expired, no request
98 silly cache afterAdd bindings@1.0.0
99 verbose afterAdd /Users/admin/.npm/bindings/1.0.0/package/package.json not in flight; writing
100 verbose correctMkdir /Users/admin/.npm correctMkdir not in flight; initializing
101 verbose afterAdd /Users/admin/.npm/bindings/1.0.0/package/package.json written
102 http 304 https://registry.npmjs.org/nan
103 verbose headers { date: 'Mon, 26 Jun 2017 09:45:34 GMT',
103 verbose headers   via: '1.1 varnish',
103 verbose headers   'cache-control': 'max-age=300',
103 verbose headers   etag: 'W/"592dfb8f-1f9f8"',
103 verbose headers   age: '106',
103 verbose headers   connection: 'keep-alive',
103 verbose headers   'x-served-by': 'cache-sin18020-SIN',
103 verbose headers   'x-cache': 'HIT',
103 verbose headers   'x-cache-hits': '3',
103 verbose headers   'x-timer': 'S1498470335.838038,VS0,VE0',
103 verbose headers   vary: 'Accept-Encoding' }
104 silly get cb [ 304,
104 silly get   { date: 'Mon, 26 Jun 2017 09:45:34 GMT',
104 silly get     via: '1.1 varnish',
104 silly get     'cache-control': 'max-age=300',
104 silly get     etag: 'W/"592dfb8f-1f9f8"',
104 silly get     age: '106',
104 silly get     connection: 'keep-alive',
104 silly get     'x-served-by': 'cache-sin18020-SIN',
104 silly get     'x-cache': 'HIT',
104 silly get     'x-cache-hits': '3',
104 silly get     'x-timer': 'S1498470335.838038,VS0,VE0',
104 silly get     vary: 'Accept-Encoding' } ]
105 verbose etag https://registry.npmjs.org/nan from cache
106 verbose get saving nan to /Users/admin/.npm/registry.npmjs.org/nan/.cache.json
107 verbose correctMkdir /Users/admin/.npm correctMkdir not in flight; initializing
108 silly resolveWithNewModule nan@1.3.0 checking installable status
109 silly cache add args [ 'nan@1.3.0', null ]
110 verbose cache add spec nan@1.3.0
111 silly cache add parsed spec Result {
111 silly cache add   raw: 'nan@1.3.0',
111 silly cache add   scope: null,
111 silly cache add   escapedName: 'nan',
111 silly cache add   name: 'nan',
111 silly cache add   rawSpec: '1.3.0',
111 silly cache add   spec: '1.3.0',
111 silly cache add   type: 'version' }
112 silly addNamed nan@1.3.0
113 verbose addNamed "1.3.0" is a plain semver version for nan
114 silly mapToRegistry name nan
115 silly mapToRegistry using default registry
116 silly mapToRegistry registry https://registry.npmjs.org/
117 silly mapToRegistry data Result {
117 silly mapToRegistry   raw: 'nan',
117 silly mapToRegistry   scope: null,
117 silly mapToRegistry   escapedName: 'nan',
117 silly mapToRegistry   name: 'nan',
117 silly mapToRegistry   rawSpec: '',
117 silly mapToRegistry   spec: 'latest',
117 silly mapToRegistry   type: 'tag' }
118 silly mapToRegistry uri https://registry.npmjs.org/nan
119 verbose addNameVersion registry:https://registry.npmjs.org/nan not in flight; fetching
120 verbose get https://registry.npmjs.org/nan not expired, no request
121 silly cache afterAdd nan@1.3.0
122 verbose afterAdd /Users/admin/.npm/nan/1.3.0/package/package.json not in flight; writing
123 verbose correctMkdir /Users/admin/.npm correctMkdir not in flight; initializing
124 verbose afterAdd /Users/admin/.npm/nan/1.3.0/package/package.json written
125 silly loadAllDepsIntoIdealTree Finishing
126 silly loadIdealTree Finishing
127 silly currentTree node-mongo-docker-starter@1.0.0
127 silly currentTree ├── abbrev@1.1.0
127 silly currentTree ├── accepts@1.3.3
127 silly currentTree ├─┬ acorn-jsx@3.0.1
127 silly currentTree │ └── acorn@3.3.0
127 silly currentTree ├── acorn@5.0.3
127 silly currentTree ├── ajv-keywords@1.5.1
127 silly currentTree ├── ajv@4.11.8
127 silly currentTree ├── ansi-escapes@1.4.0
127 silly currentTree ├── ansi-regex@2.1.1
127 silly currentTree ├── ansi-styles@2.2.1
127 silly currentTree ├── anymatch@1.3.0
127 silly currentTree ├── argparse@1.0.9
127 silly currentTree ├── arr-diff@2.0.0
127 silly currentTree ├── arr-flatten@1.0.3
127 silly currentTree ├── array-flatten@1.1.1
127 silly currentTree ├── array-union@1.0.2
127 silly currentTree ├── array-uniq@1.0.3
127 silly currentTree ├── array-unique@0.2.1
127 silly currentTree ├── arrify@1.0.1
127 silly currentTree ├── async-each@1.0.1
127 silly currentTree ├── async@2.1.4
127 silly currentTree ├── babel-code-frame@6.22.0
127 silly currentTree ├── balanced-match@1.0.0
127 silly currentTree ├── base64url@2.0.0
127 silly currentTree ├── basic-auth@1.1.0
127 silly currentTree ├── binary-extensions@1.8.0
127 silly currentTree ├── bluebird@3.5.0
127 silly currentTree ├── body-parser@1.17.2
127 silly currentTree ├── brace-expansion@1.1.8
127 silly currentTree ├── braces@1.8.5
127 silly currentTree ├── bson@1.0.4
127 silly currentTree ├── buffer-equal-constant-time@1.0.1
127 silly currentTree ├── buffer-shims@1.0.0
127 silly currentTree ├── builtin-modules@1.1.1
127 silly currentTree ├── bytes@2.4.0
127 silly currentTree ├── caller-path@0.1.0
127 silly currentTree ├── callsites@0.2.0
127 silly currentTree ├── camelize@1.0.0
127 silly currentTree ├── chalk@1.1.3
127 silly currentTree ├── chokidar@1.7.0
127 silly currentTree ├── circular-json@0.3.1
127 silly currentTree ├── cli-cursor@1.0.2
127 silly currentTree ├── cli-width@2.1.0
127 silly currentTree ├── co@4.6.0
127 silly currentTree ├── code-point-at@1.1.0
127 silly currentTree ├── colors@1.0.3
127 silly currentTree ├── compressible@2.0.10
127 silly currentTree ├─┬ compression@1.6.2
127 silly currentTree │ ├── bytes@2.3.0
127 silly currentTree │ ├── debug@2.2.0
127 silly currentTree │ └── ms@0.7.1
127 silly currentTree ├── concat-map@0.0.1
127 silly currentTree ├── concat-stream@1.6.0
127 silly currentTree ├── configstore@1.4.0
127 silly currentTree ├─┬ connect@3.4.1
127 silly currentTree │ ├── debug@2.2.0
127 silly currentTree │ ├── finalhandler@0.4.1
127 silly currentTree │ └── ms@0.7.1
127 silly currentTree ├── contains-path@0.1.0
127 silly currentTree ├── content-disposition@0.5.2
127 silly currentTree ├── content-security-policy-builder@1.0.0
127 silly currentTree ├── content-type@1.0.2
127 silly currentTree ├── cookie-signature@1.0.6
127 silly currentTree ├── cookie@0.3.1
127 silly currentTree ├── core-util-is@1.0.2
127 silly currentTree ├── cors@2.8.3
127 silly currentTree ├── cycle@1.0.3
127 silly currentTree ├── d@1.0.0
127 silly currentTree ├── dashify@0.2.2
127 silly currentTree ├── debug@2.6.7
127 silly currentTree ├── deep-extend@0.4.2
127 silly currentTree ├── deep-is@0.1.3
127 silly currentTree ├── del@2.2.2
127 silly currentTree ├── depd@1.1.0
127 silly currentTree ├── destroy@1.0.4
127 silly currentTree ├── dns-prefetch-control@0.1.0
127 silly currentTree ├── doctrine@2.0.0
127 silly currentTree ├── dont-sniff-mimetype@1.0.0
127 silly currentTree ├── dotenv@2.0.0
127 silly currentTree ├── duplexer@0.1.1
127 silly currentTree ├── duplexify@3.5.0
127 silly currentTree ├── ecdsa-sig-formatter@1.0.9
127 silly currentTree ├── ee-first@1.1.1
127 silly currentTree ├── encodeurl@1.0.1
127 silly currentTree ├── end-of-stream@1.0.0
127 silly currentTree ├── error-ex@1.3.1
127 silly currentTree ├── es5-ext@0.10.23
127 silly currentTree ├── es6-iterator@2.0.1
127 silly currentTree ├── es6-map@0.1.5
127 silly currentTree ├── es6-promise@3.2.1
127 silly currentTree ├── es6-set@0.1.5
127 silly currentTree ├── es6-symbol@3.1.1
127 silly currentTree ├── es6-weak-map@2.0.2
127 silly currentTree ├── escape-html@1.0.3
127 silly currentTree ├── escape-string-regexp@1.0.5
127 silly currentTree ├── escope@3.6.0
127 silly currentTree ├── eslint-config-airbnb-base@11.2.0
127 silly currentTree ├── eslint-import-resolver-node@0.2.3
127 silly currentTree ├─┬ eslint-module-utils@2.1.1
127 silly currentTree │ └── debug@2.6.8
127 silly currentTree ├─┬ eslint-plugin-import@2.6.0
127 silly currentTree │ ├── debug@2.6.8
127 silly currentTree │ └── doctrine@1.5.0
127 silly currentTree ├── eslint@3.19.0
127 silly currentTree ├── espree@3.4.3
127 silly currentTree ├── esprima@3.1.3
127 silly currentTree ├── esquery@1.0.0
127 silly currentTree ├── esrecurse@4.2.0
127 silly currentTree ├── estraverse@4.2.0
127 silly currentTree ├── esutils@2.0.2
127 silly currentTree ├── etag@1.8.0
127 silly currentTree ├── event-emitter@0.3.5
127 silly currentTree ├── event-stream@3.3.4
127 silly currentTree ├── exit-hook@1.1.1
127 silly currentTree ├── expand-brackets@0.1.5
127 silly currentTree ├── expand-range@1.8.2
127 silly currentTree ├── express@4.15.3
127 silly currentTree ├── extend@3.0.1
127 silly currentTree ├── extglob@0.3.2
127 silly currentTree ├── eyes@0.1.8
127 silly currentTree ├── fast-levenshtein@2.0.6
127 silly currentTree ├── figures@1.7.0
127 silly currentTree ├── file-entry-cache@2.0.0
127 silly currentTree ├── filename-regex@2.0.1
127 silly currentTree ├── fill-range@2.2.3
127 silly currentTree ├── finalhandler@1.0.3
127 silly currentTree ├── find-up@1.1.2
127 silly currentTree ├── flat-cache@1.2.2
127 silly currentTree ├── for-in@1.0.2
127 silly currentTree ├── for-own@0.1.5
127 silly currentTree ├── forwarded@0.1.0
127 silly currentTree ├── frameguard@2.0.0
127 silly currentTree ├── fresh@0.5.0
127 silly currentTree ├── from@0.1.7
127 silly currentTree ├── fs.realpath@1.0.0
127 silly currentTree ├─┬ fsevents@1.1.2
127 silly currentTree │ ├── abbrev@1.1.0
127 silly currentTree │ ├── ajv@4.11.8
127 silly currentTree │ ├── ansi-regex@2.1.1
127 silly currentTree │ ├── aproba@1.1.1
127 silly currentTree │ ├── are-we-there-yet@1.1.4
127 silly currentTree │ ├── asn1@0.2.3
127 silly currentTree │ ├── assert-plus@0.2.0
127 silly currentTree │ ├── asynckit@0.4.0
127 silly currentTree │ ├── aws-sign2@0.6.0
127 silly currentTree │ ├── aws4@1.6.0
127 silly currentTree │ ├── balanced-match@0.4.2
127 silly currentTree │ ├── bcrypt-pbkdf@1.0.1
127 silly currentTree │ ├── block-stream@0.0.9
127 silly currentTree │ ├── boom@2.10.1
127 silly currentTree │ ├── brace-expansion@1.1.7
127 silly currentTree │ ├── buffer-shims@1.0.0
127 silly currentTree │ ├── caseless@0.12.0
127 silly currentTree │ ├── co@4.6.0
127 silly currentTree │ ├── code-point-at@1.1.0
127 silly currentTree │ ├── combined-stream@1.0.5
127 silly currentTree │ ├── concat-map@0.0.1
127 silly currentTree │ ├── console-control-strings@1.1.0
127 silly currentTree │ ├── core-util-is@1.0.2
127 silly currentTree │ ├── cryptiles@2.0.5
127 silly currentTree │ ├─┬ dashdash@1.14.1
127 silly currentTree │ │ └── assert-plus@1.0.0
127 silly currentTree │ ├── debug@2.6.8
127 silly currentTree │ ├── deep-extend@0.4.2
127 silly currentTree │ ├── delayed-stream@1.0.0
127 silly currentTree │ ├── delegates@1.0.0
127 silly currentTree │ ├── ecc-jsbn@0.1.1
127 silly currentTree │ ├── extend@3.0.1
127 silly currentTree │ ├── extsprintf@1.0.2
127 silly currentTree │ ├── forever-agent@0.6.1
127 silly currentTree │ ├── form-data@2.1.4
127 silly currentTree │ ├── fs.realpath@1.0.0
127 silly currentTree │ ├── fstream-ignore@1.0.5
127 silly currentTree │ ├── fstream@1.0.11
127 silly currentTree │ ├── gauge@2.7.4
127 silly currentTree │ ├─┬ getpass@0.1.7
127 silly currentTree │ │ └── assert-plus@1.0.0
127 silly currentTree │ ├── glob@7.1.2
127 silly currentTree │ ├── graceful-fs@4.1.11
127 silly currentTree │ ├── har-schema@1.0.5
127 silly currentTree │ ├── har-validator@4.2.1
127 silly currentTree │ ├── has-unicode@2.0.1
127 silly currentTree │ ├── hawk@3.1.3
127 silly currentTree │ ├── hoek@2.16.3
127 silly currentTree │ ├── http-signature@1.1.1
127 silly currentTree │ ├── inflight@1.0.6
127 silly currentTree │ ├── inherits@2.0.3
127 silly currentTree │ ├── ini@1.3.4
127 silly currentTree │ ├── is-fullwidth-code-point@1.0.0
127 silly currentTree │ ├── is-typedarray@1.0.0
127 silly currentTree │ ├── isarray@1.0.0
127 silly currentTree │ ├── isstream@0.1.2
127 silly currentTree │ ├── jodid25519@1.0.2
127 silly currentTree │ ├── jsbn@0.1.1
127 silly currentTree │ ├── json-schema@0.2.3
127 silly currentTree │ ├── json-stable-stringify@1.0.1
127 silly currentTree │ ├── json-stringify-safe@5.0.1
127 silly currentTree │ ├── jsonify@0.0.0
127 silly currentTree │ ├─┬ jsprim@1.4.0
127 silly currentTree │ │ └── assert-plus@1.0.0
127 silly currentTree │ ├── mime-db@1.27.0
127 silly currentTree │ ├── mime-types@2.1.15
127 silly currentTree │ ├── minimatch@3.0.4
127 silly currentTree │ ├── minimist@0.0.8
127 silly currentTree │ ├── mkdirp@0.5.1
127 silly currentTree │ ├── ms@2.0.0
127 silly currentTree │ ├── node-pre-gyp@0.6.36
127 silly currentTree │ ├── nopt@4.0.1
127 silly currentTree │ ├── npmlog@4.1.0
127 silly currentTree │ ├── number-is-nan@1.0.1
127 silly currentTree │ ├── oauth-sign@0.8.2
127 silly currentTree │ ├── object-assign@4.1.1
127 silly currentTree │ ├── once@1.4.0
127 silly currentTree │ ├── os-homedir@1.0.2
127 silly currentTree │ ├── os-tmpdir@1.0.2
127 silly currentTree │ ├── osenv@0.1.4
127 silly currentTree │ ├── path-is-absolute@1.0.1
127 silly currentTree │ ├── performance-now@0.2.0
127 silly currentTree │ ├── process-nextick-args@1.0.7
127 silly currentTree │ ├── punycode@1.4.1
127 silly currentTree │ ├── qs@6.4.0
127 silly currentTree │ ├─┬ rc@1.2.1
127 silly currentTree │ │ └── minimist@1.2.0
127 silly currentTree │ ├── readable-stream@2.2.9
127 silly currentTree │ ├── request@2.81.0
127 silly currentTree │ ├── rimraf@2.6.1
127 silly currentTree │ ├── safe-buffer@5.0.1
127 silly currentTree │ ├── semver@5.3.0
127 silly currentTree │ ├── set-blocking@2.0.0
127 silly currentTree │ ├── signal-exit@3.0.2
127 silly currentTree │ ├── sntp@1.0.9
127 silly currentTree │ ├─┬ sshpk@1.13.0
127 silly currentTree │ │ └── assert-plus@1.0.0
127 silly currentTree │ ├── string_decoder@1.0.1
127 silly currentTree │ ├── string-width@1.0.2
127 silly currentTree │ ├── stringstream@0.0.5
127 silly currentTree │ ├── strip-ansi@3.0.1
127 silly currentTree │ ├── strip-json-comments@2.0.1
127 silly currentTree │ ├── tar-pack@3.4.0
127 silly currentTree │ ├── tar@2.2.1
127 silly currentTree │ ├── tough-cookie@2.3.2
127 silly currentTree │ ├── tunnel-agent@0.6.0
127 silly currentTree │ ├── tweetnacl@0.14.5
127 silly currentTree │ ├── uid-number@0.0.6
127 silly currentTree │ ├── util-deprecate@1.0.2
127 silly currentTree │ ├── uuid@3.0.1
127 silly currentTree │ ├── verror@1.3.6
127 silly currentTree │ ├── wide-align@1.1.2
127 silly currentTree │ └── wrappy@1.0.2
127 silly currentTree ├── function-bind@1.1.0
127 silly currentTree ├── generate-function@2.0.0
127 silly currentTree ├── generate-object-property@1.2.0
127 silly currentTree ├── glob-base@0.3.0
127 silly currentTree ├── glob-parent@2.0.0
127 silly currentTree ├── glob@7.1.2
127 silly currentTree ├── globals@9.18.0
127 silly currentTree ├── globby@5.0.0
127 silly currentTree ├─┬ got@3.3.1
127 silly currentTree │ └── object-assign@3.0.0
127 silly currentTree ├── graceful-fs@4.1.11
127 silly currentTree ├── has-ansi@2.0.0
127 silly currentTree ├── has@1.0.1
127 silly currentTree ├── helmet-csp@1.2.2
127 silly currentTree ├── helmet@2.3.0
127 silly currentTree ├── hide-powered-by@1.0.0
127 silly currentTree ├── hoek@2.16.3
127 silly currentTree ├── hooks-fixed@2.0.0
127 silly currentTree ├── hosted-git-info@2.4.2
127 silly currentTree ├── hpkp@1.2.0
127 silly currentTree ├── hsts@1.0.0
127 silly currentTree ├── http-errors@1.6.1
127 silly currentTree ├── iconv-lite@0.4.15
127 silly currentTree ├── ienoopen@1.0.0
127 silly currentTree ├── ignore-by-default@1.0.1
127 silly currentTree ├── ignore@3.3.3
127 silly currentTree ├── imurmurhash@0.1.4
127 silly currentTree ├── infinity-agent@2.0.3
127 silly currentTree ├── inflight@1.0.6
127 silly currentTree ├── inherits@2.0.3
127 silly currentTree ├── ini@1.3.4
127 silly currentTree ├── inquirer@0.12.0
127 silly currentTree ├── interpret@1.0.3
127 silly currentTree ├── ipaddr.js@1.3.0
127 silly currentTree ├── is-arrayish@0.2.1
127 silly currentTree ├── is-binary-path@1.0.1
127 silly currentTree ├── is-buffer@1.1.5
127 silly currentTree ├── is-builtin-module@1.0.0
127 silly currentTree ├── is-dotfile@1.0.3
127 silly currentTree ├── is-equal-shallow@0.1.3
127 silly currentTree ├── is-extendable@0.1.1
127 silly currentTree ├── is-extglob@1.0.0
127 silly currentTree ├── is-finite@1.0.2
127 silly currentTree ├── is-fullwidth-code-point@1.0.0
127 silly currentTree ├── is-glob@2.0.1
127 silly currentTree ├── is-my-json-valid@2.16.0
127 silly currentTree ├── is-npm@1.0.0
127 silly currentTree ├── is-number@2.1.0
127 silly currentTree ├── is-path-cwd@1.0.0
127 silly currentTree ├── is-path-in-cwd@1.0.0
127 silly currentTree ├── is-path-inside@1.0.0
127 silly currentTree ├── is-posix-bracket@0.1.1
127 silly currentTree ├── is-primitive@2.0.0
127 silly currentTree ├── is-property@1.0.2
127 silly currentTree ├── is-redirect@1.0.0
127 silly currentTree ├── is-resolvable@1.0.0
127 silly currentTree ├── is-stream@1.1.0
127 silly currentTree ├── isarray@1.0.0
127 silly currentTree ├── isemail@1.2.0
127 silly currentTree ├── isobject@2.1.0
127 silly currentTree ├── isstream@0.1.2
127 silly currentTree ├── joi@6.10.1
127 silly currentTree ├── js-tokens@3.0.1
127 silly currentTree ├── js-yaml@3.8.4
127 silly currentTree ├── json-stable-stringify@1.0.1
127 silly currentTree ├── jsonify@0.0.0
127 silly currentTree ├── jsonpointer@4.0.1
127 silly currentTree ├── jsonwebtoken@7.4.1
127 silly currentTree ├── jwa@1.1.5
127 silly currentTree ├── jws@3.1.4
127 silly currentTree ├── kareem@1.4.1
127 silly currentTree ├── kind-of@3.2.2
127 silly currentTree ├── latest-version@1.0.1
127 silly currentTree ├── levn@0.3.0
127 silly currentTree ├── load-json-file@2.0.0
127 silly currentTree ├─┬ locate-path@2.0.0
127 silly currentTree │ └── path-exists@3.0.0
127 silly currentTree ├── lodash._baseassign@3.2.0
127 silly currentTree ├── lodash._basecopy@3.0.1
127 silly currentTree ├── lodash._bindcallback@3.0.1
127 silly currentTree ├── lodash._createassigner@3.1.1
127 silly currentTree ├── lodash._getnative@3.9.1
127 silly currentTree ├── lodash._isiterateecall@3.0.9
127 silly currentTree ├── lodash.assign@3.2.0
127 silly currentTree ├── lodash.cond@4.5.2
127 silly currentTree ├── lodash.defaults@3.1.2
127 silly currentTree ├── lodash.isarguments@3.1.0
127 silly currentTree ├── lodash.isarray@3.0.4
127 silly currentTree ├── lodash.keys@3.1.2
127 silly currentTree ├── lodash.once@4.1.1
127 silly currentTree ├── lodash.reduce@4.5.0
127 silly currentTree ├── lodash.restparam@3.6.1
127 silly currentTree ├── lodash@4.17.4
127 silly currentTree ├── lowercase-keys@1.0.0
127 silly currentTree ├── map-stream@0.1.0
127 silly currentTree ├── media-typer@0.3.0
127 silly currentTree ├── merge-descriptors@1.0.1
127 silly currentTree ├─┬ method-override@2.3.9
127 silly currentTree │ └── debug@2.6.8
127 silly currentTree ├── methods@1.1.2
127 silly currentTree ├── micromatch@2.3.11
127 silly currentTree ├── mime-db@1.27.0
127 silly currentTree ├── mime-types@2.1.15
127 silly currentTree ├── mime@1.3.4
127 silly currentTree ├── minimatch@3.0.4
127 silly currentTree ├── minimist@0.0.8
127 silly currentTree ├── mkdirp@0.5.1
127 silly currentTree ├── moment@2.18.1
127 silly currentTree ├── mongodb-core@2.1.11
127 silly currentTree ├── mongodb@2.2.27
127 silly currentTree ├── mongoose-auto-increment@5.0.1
127 silly currentTree ├── mongoose@4.11.0
127 silly currentTree ├─┬ morgan@1.8.2
127 silly currentTree │ └── debug@2.6.8
127 silly currentTree ├── mpath@0.3.0
127 silly currentTree ├── mpromise@0.5.5
127 silly currentTree ├─┬ mquery@2.3.1
127 silly currentTree │ ├── bluebird@2.10.2
127 silly currentTree │ ├── debug@2.6.8
127 silly currentTree │ └── sliced@0.0.5
127 silly currentTree ├── ms@2.0.0
127 silly currentTree ├── muri@1.2.1
127 silly currentTree ├── mute-stream@0.0.5
127 silly currentTree ├── nan@2.6.2
127 silly currentTree ├── natural-compare@1.4.0
127 silly currentTree ├── negotiator@0.6.1
127 silly currentTree ├── nested-error-stacks@1.0.2
127 silly currentTree ├── nocache@1.0.1
127 silly currentTree ├─┬ node-mongoose-validator@1.2.0
127 silly currentTree │ └── lodash@3.10.1
127 silly currentTree ├── nodemon@1.11.0
127 silly currentTree ├── nopt@1.0.10
127 silly currentTree ├── normalize-package-data@2.3.8
127 silly currentTree ├── normalize-path@2.1.1
127 silly currentTree ├── number-is-nan@1.0.1
127 silly currentTree ├── object-assign@4.1.1
127 silly currentTree ├── object.omit@2.0.1
127 silly currentTree ├── on-finished@2.3.0
127 silly currentTree ├── on-headers@1.0.1
127 silly currentTree ├── once@1.3.3
127 silly currentTree ├── onetime@1.1.0
127 silly currentTree ├── optionator@0.8.2
127 silly currentTree ├── os-homedir@1.0.2
127 silly currentTree ├── os-tmpdir@1.0.2
127 silly currentTree ├── osenv@0.1.4
127 silly currentTree ├── p-limit@1.1.0
127 silly currentTree ├── p-locate@2.0.0
127 silly currentTree ├── package-json@1.2.0
127 silly currentTree ├── parse-glob@3.0.4
127 silly currentTree ├── parse-json@2.2.0
127 silly currentTree ├── parseurl@1.3.1
127 silly currentTree ├── path-exists@2.1.0
127 silly currentTree ├── path-is-absolute@1.0.1
127 silly currentTree ├── path-is-inside@1.0.2
127 silly currentTree ├── path-parse@1.0.5
127 silly currentTree ├── path-to-regexp@0.1.7
127 silly currentTree ├── path-type@2.0.0
127 silly currentTree ├── pause-stream@0.0.11
127 silly currentTree ├── pify@2.3.0
127 silly currentTree ├── pinkie-promise@2.0.1
127 silly currentTree ├── pinkie@2.0.4
127 silly currentTree ├── pkg-dir@1.0.0
127 silly currentTree ├── platform@1.3.1
127 silly currentTree ├── pluralize@1.2.1
127 silly currentTree ├── prelude-ls@1.1.2
127 silly currentTree ├── prepend-http@1.0.4
127 silly currentTree ├── preserve@0.2.0
127 silly currentTree ├── process-nextick-args@1.0.7
127 silly currentTree ├── progress@1.1.8
127 silly currentTree ├── proxy-addr@1.1.4
127 silly currentTree ├── ps-tree@1.1.0
127 silly currentTree ├── qs@6.4.0
127 silly currentTree ├─┬ randomatic@1.1.7
127 silly currentTree │ ├─┬ is-number@3.0.0
127 silly currentTree │ │ └── kind-of@3.2.2
127 silly currentTree │ └── kind-of@4.0.0
127 silly currentTree ├── range-parser@1.2.0
127 silly currentTree ├── raw-body@2.2.0
127 silly currentTree ├─┬ rc@1.2.1
127 silly currentTree │ └── minimist@1.2.0
127 silly currentTree ├── read-all-stream@3.1.0
127 silly currentTree ├─┬ read-pkg-up@2.0.0
127 silly currentTree │ └── find-up@2.1.0
127 silly currentTree ├── read-pkg@2.0.0
127 silly currentTree ├── readable-stream@2.2.7
127 silly currentTree ├── readdirp@2.1.0
127 silly currentTree ├── readline2@1.0.1
127 silly currentTree ├── rechoir@0.6.2
127 silly currentTree ├── referrer-policy@1.0.0
127 silly currentTree ├── regex-cache@0.4.3
127 silly currentTree ├── regexp-clone@0.0.1
127 silly currentTree ├── registry-url@3.1.0
127 silly currentTree ├── remove-trailing-separator@1.0.2
127 silly currentTree ├── repeat-element@1.1.2
127 silly currentTree ├── repeat-string@1.6.1
127 silly currentTree ├── repeating@1.1.3
127 silly currentTree ├── require_optional@1.0.1
127 silly currentTree ├─┬ require-uncached@1.0.3
127 silly currentTree │ └── resolve-from@1.0.1
127 silly currentTree ├── resolve-from@2.0.0
127 silly currentTree ├── resolve@1.3.3
127 silly currentTree ├── restore-cursor@1.0.1
127 silly currentTree ├── rimraf@2.6.1
127 silly currentTree ├── run-async@0.1.0
127 silly currentTree ├── rx-lite@3.1.2
127 silly currentTree ├── safe-buffer@5.1.1
127 silly currentTree ├── semver-diff@2.1.0
127 silly currentTree ├── semver@5.3.0
127 silly currentTree ├── send@0.15.3
127 silly currentTree ├── serve-static@1.12.3
127 silly currentTree ├── set-immediate-shim@1.0.1
127 silly currentTree ├── setprototypeof@1.0.3
127 silly currentTree ├── shelljs@0.7.8
127 silly currentTree ├── slice-ansi@0.0.4
127 silly currentTree ├── sliced@1.0.1
127 silly currentTree ├── slide@1.1.6
127 silly currentTree ├── spdx-correct@1.0.2
127 silly currentTree ├── spdx-expression-parse@1.0.4
127 silly currentTree ├── spdx-license-ids@1.2.2
127 silly currentTree ├── split@0.3.3
127 silly currentTree ├── sprintf-js@1.0.3
127 silly currentTree ├── stack-trace@0.0.10
127 silly currentTree ├── statuses@1.3.1
127 silly currentTree ├── stream-combiner@0.0.4
127 silly currentTree ├── stream-shift@1.0.0
127 silly currentTree ├── string_decoder@1.0.3
127 silly currentTree ├── string-length@1.0.1
127 silly currentTree ├── string-width@1.0.2
127 silly currentTree ├── strip-ansi@3.0.1
127 silly currentTree ├── strip-bom@3.0.0
127 silly currentTree ├── strip-json-comments@2.0.1
127 silly currentTree ├── supports-color@2.0.0
127 silly currentTree ├─┬ table@3.8.3
127 silly currentTree │ ├── is-fullwidth-code-point@2.0.0
127 silly currentTree │ └── string-width@2.0.0
127 silly currentTree ├── text-table@0.2.0
127 silly currentTree ├── through@2.3.8
127 silly currentTree ├── timed-out@2.0.0
127 silly currentTree ├── topo@1.1.0
127 silly currentTree ├── touch@1.0.0
127 silly currentTree ├── tryit@1.0.3
127 silly currentTree ├── type-check@0.3.2
127 silly currentTree ├── type-is@1.6.15
127 silly currentTree ├── typedarray@0.0.6
127 silly currentTree ├── undefsafe@0.0.3
127 silly currentTree ├── unpipe@1.0.0
127 silly currentTree ├── update-notifier@0.5.0
127 silly currentTree ├── user-home@2.0.0
127 silly currentTree ├── util-deprecate@1.0.2
127 silly currentTree ├── utils-merge@1.0.0
127 silly currentTree ├── uuid@2.0.3
127 silly currentTree ├── validate-npm-package-license@3.0.1
127 silly currentTree ├── validator@4.9.0
127 silly currentTree ├── vary@1.1.1
127 silly currentTree ├─┬ winston@2.3.1
127 silly currentTree │ └── async@1.0.0
127 silly currentTree ├── wordwrap@1.0.0
127 silly currentTree ├── wrappy@1.0.2
127 silly currentTree ├── write-file-atomic@1.3.4
127 silly currentTree ├── write@0.2.1
127 silly currentTree ├── x-xss-protection@1.0.0
127 silly currentTree ├── xdg-basedir@2.0.0
127 silly currentTree └── xtend@4.0.1
128 silly idealTree node-mongo-docker-starter@1.0.0
128 silly idealTree ├── abbrev@1.1.0
128 silly idealTree ├── accepts@1.3.3
128 silly idealTree ├─┬ acorn-jsx@3.0.1
128 silly idealTree │ └── acorn@3.3.0
128 silly idealTree ├── acorn@5.0.3
128 silly idealTree ├── ajv-keywords@1.5.1
128 silly idealTree ├── ajv@4.11.8
128 silly idealTree ├── ansi-escapes@1.4.0
128 silly idealTree ├── ansi-regex@2.1.1
128 silly idealTree ├── ansi-styles@2.2.1
128 silly idealTree ├── anymatch@1.3.0
128 silly idealTree ├── argparse@1.0.9
128 silly idealTree ├── arr-diff@2.0.0
128 silly idealTree ├── arr-flatten@1.0.3
128 silly idealTree ├── array-flatten@1.1.1
128 silly idealTree ├── array-union@1.0.2
128 silly idealTree ├── array-uniq@1.0.3
128 silly idealTree ├── array-unique@0.2.1
128 silly idealTree ├── arrify@1.0.1
128 silly idealTree ├── async-each@1.0.1
128 silly idealTree ├── async@2.1.4
128 silly idealTree ├── babel-code-frame@6.22.0
128 silly idealTree ├── balanced-match@1.0.0
128 silly idealTree ├── base64url@2.0.0
128 silly idealTree ├── basic-auth@1.1.0
128 silly idealTree ├─┬ bcrypt@0.8.0
128 silly idealTree │ └── nan@1.3.0
128 silly idealTree ├── binary-extensions@1.8.0
128 silly idealTree ├── bindings@1.0.0
128 silly idealTree ├── bluebird@3.5.0
128 silly idealTree ├── body-parser@1.17.2
128 silly idealTree ├── brace-expansion@1.1.8
128 silly idealTree ├── braces@1.8.5
128 silly idealTree ├── bson@1.0.4
128 silly idealTree ├── buffer-equal-constant-time@1.0.1
128 silly idealTree ├── buffer-shims@1.0.0
128 silly idealTree ├── builtin-modules@1.1.1
128 silly idealTree ├── bytes@2.4.0
128 silly idealTree ├── caller-path@0.1.0
128 silly idealTree ├── callsites@0.2.0
128 silly idealTree ├── camelize@1.0.0
128 silly idealTree ├── chalk@1.1.3
128 silly idealTree ├── chokidar@1.7.0
128 silly idealTree ├── circular-json@0.3.1
128 silly idealTree ├── cli-cursor@1.0.2
128 silly idealTree ├── cli-width@2.1.0
128 silly idealTree ├── co@4.6.0
128 silly idealTree ├── code-point-at@1.1.0
128 silly idealTree ├── colors@1.0.3
128 silly idealTree ├── compressible@2.0.10
128 silly idealTree ├─┬ compression@1.6.2
128 silly idealTree │ ├── bytes@2.3.0
128 silly idealTree │ ├── debug@2.2.0
128 silly idealTree │ └── ms@0.7.1
128 silly idealTree ├── concat-map@0.0.1
128 silly idealTree ├── concat-stream@1.6.0
128 silly idealTree ├── configstore@1.4.0
128 silly idealTree ├─┬ connect@3.4.1
128 silly idealTree │ ├── debug@2.2.0
128 silly idealTree │ ├── finalhandler@0.4.1
128 silly idealTree │ └── ms@0.7.1
128 silly idealTree ├── contains-path@0.1.0
128 silly idealTree ├── content-disposition@0.5.2
128 silly idealTree ├── content-security-policy-builder@1.0.0
128 silly idealTree ├── content-type@1.0.2
128 silly idealTree ├── cookie-signature@1.0.6
128 silly idealTree ├── cookie@0.3.1
128 silly idealTree ├── core-util-is@1.0.2
128 silly idealTree ├── cors@2.8.3
128 silly idealTree ├── cycle@1.0.3
128 silly idealTree ├── d@1.0.0
128 silly idealTree ├── dashify@0.2.2
128 silly idealTree ├── debug@2.6.7
128 silly idealTree ├── deep-extend@0.4.2
128 silly idealTree ├── deep-is@0.1.3
128 silly idealTree ├── del@2.2.2
128 silly idealTree ├── depd@1.1.0
128 silly idealTree ├── destroy@1.0.4
128 silly idealTree ├── dns-prefetch-control@0.1.0
128 silly idealTree ├── doctrine@2.0.0
128 silly idealTree ├── dont-sniff-mimetype@1.0.0
128 silly idealTree ├── dotenv@2.0.0
128 silly idealTree ├── duplexer@0.1.1
128 silly idealTree ├── duplexify@3.5.0
128 silly idealTree ├── ecdsa-sig-formatter@1.0.9
128 silly idealTree ├── ee-first@1.1.1
128 silly idealTree ├── encodeurl@1.0.1
128 silly idealTree ├── end-of-stream@1.0.0
128 silly idealTree ├── error-ex@1.3.1
128 silly idealTree ├── es5-ext@0.10.23
128 silly idealTree ├── es6-iterator@2.0.1
128 silly idealTree ├── es6-map@0.1.5
128 silly idealTree ├── es6-promise@3.2.1
128 silly idealTree ├── es6-set@0.1.5
128 silly idealTree ├── es6-symbol@3.1.1
128 silly idealTree ├── es6-weak-map@2.0.2
128 silly idealTree ├── escape-html@1.0.3
128 silly idealTree ├── escape-string-regexp@1.0.5
128 silly idealTree ├── escope@3.6.0
128 silly idealTree ├── eslint-config-airbnb-base@11.2.0
128 silly idealTree ├── eslint-import-resolver-node@0.2.3
128 silly idealTree ├─┬ eslint-module-utils@2.1.1
128 silly idealTree │ └── debug@2.6.8
128 silly idealTree ├─┬ eslint-plugin-import@2.6.0
128 silly idealTree │ ├── debug@2.6.8
128 silly idealTree │ └── doctrine@1.5.0
128 silly idealTree ├── eslint@3.19.0
128 silly idealTree ├── espree@3.4.3
128 silly idealTree ├── esprima@3.1.3
128 silly idealTree ├── esquery@1.0.0
128 silly idealTree ├── esrecurse@4.2.0
128 silly idealTree ├── estraverse@4.2.0
128 silly idealTree ├── esutils@2.0.2
128 silly idealTree ├── etag@1.8.0
128 silly idealTree ├── event-emitter@0.3.5
128 silly idealTree ├── event-stream@3.3.4
128 silly idealTree ├── exit-hook@1.1.1
128 silly idealTree ├── expand-brackets@0.1.5
128 silly idealTree ├── expand-range@1.8.2
128 silly idealTree ├── express@4.15.3
128 silly idealTree ├── extend@3.0.1
128 silly idealTree ├── extglob@0.3.2
128 silly idealTree ├── eyes@0.1.8
128 silly idealTree ├── fast-levenshtein@2.0.6
128 silly idealTree ├── figures@1.7.0
128 silly idealTree ├── file-entry-cache@2.0.0
128 silly idealTree ├── filename-regex@2.0.1
128 silly idealTree ├── fill-range@2.2.3
128 silly idealTree ├── finalhandler@1.0.3
128 silly idealTree ├── find-up@1.1.2
128 silly idealTree ├── flat-cache@1.2.2
128 silly idealTree ├── for-in@1.0.2
128 silly idealTree ├── for-own@0.1.5
128 silly idealTree ├── forwarded@0.1.0
128 silly idealTree ├── frameguard@2.0.0
128 silly idealTree ├── fresh@0.5.0
128 silly idealTree ├── from@0.1.7
128 silly idealTree ├── fs.realpath@1.0.0
128 silly idealTree ├─┬ fsevents@1.1.2
128 silly idealTree │ ├── abbrev@1.1.0
128 silly idealTree │ ├── ajv@4.11.8
128 silly idealTree │ ├── ansi-regex@2.1.1
128 silly idealTree │ ├── aproba@1.1.1
128 silly idealTree │ ├── are-we-there-yet@1.1.4
128 silly idealTree │ ├── asn1@0.2.3
128 silly idealTree │ ├── assert-plus@0.2.0
128 silly idealTree │ ├── asynckit@0.4.0
128 silly idealTree │ ├── aws-sign2@0.6.0
128 silly idealTree │ ├── aws4@1.6.0
128 silly idealTree │ ├── balanced-match@0.4.2
128 silly idealTree │ ├── bcrypt-pbkdf@1.0.1
128 silly idealTree │ ├── block-stream@0.0.9
128 silly idealTree │ ├── boom@2.10.1
128 silly idealTree │ ├── brace-expansion@1.1.7
128 silly idealTree │ ├── buffer-shims@1.0.0
128 silly idealTree │ ├── caseless@0.12.0
128 silly idealTree │ ├── co@4.6.0
128 silly idealTree │ ├── code-point-at@1.1.0
128 silly idealTree │ ├── combined-stream@1.0.5
128 silly idealTree │ ├── concat-map@0.0.1
128 silly idealTree │ ├── console-control-strings@1.1.0
128 silly idealTree │ ├── core-util-is@1.0.2
128 silly idealTree │ ├── cryptiles@2.0.5
128 silly idealTree │ ├─┬ dashdash@1.14.1
128 silly idealTree │ │ └── assert-plus@1.0.0
128 silly idealTree │ ├── debug@2.6.8
128 silly idealTree │ ├── deep-extend@0.4.2
128 silly idealTree │ ├── delayed-stream@1.0.0
128 silly idealTree │ ├── delegates@1.0.0
128 silly idealTree │ ├── ecc-jsbn@0.1.1
128 silly idealTree │ ├── extend@3.0.1
128 silly idealTree │ ├── extsprintf@1.0.2
128 silly idealTree │ ├── forever-agent@0.6.1
128 silly idealTree │ ├── form-data@2.1.4
128 silly idealTree │ ├── fs.realpath@1.0.0
128 silly idealTree │ ├── fstream-ignore@1.0.5
128 silly idealTree │ ├── fstream@1.0.11
128 silly idealTree │ ├── gauge@2.7.4
128 silly idealTree │ ├─┬ getpass@0.1.7
128 silly idealTree │ │ └── assert-plus@1.0.0
128 silly idealTree │ ├── glob@7.1.2
128 silly idealTree │ ├── graceful-fs@4.1.11
128 silly idealTree │ ├── har-schema@1.0.5
128 silly idealTree │ ├── har-validator@4.2.1
128 silly idealTree │ ├── has-unicode@2.0.1
128 silly idealTree │ ├── hawk@3.1.3
128 silly idealTree │ ├── hoek@2.16.3
128 silly idealTree │ ├── http-signature@1.1.1
128 silly idealTree │ ├── inflight@1.0.6
128 silly idealTree │ ├── inherits@2.0.3
128 silly idealTree │ ├── ini@1.3.4
128 silly idealTree │ ├── is-fullwidth-code-point@1.0.0
128 silly idealTree │ ├── is-typedarray@1.0.0
128 silly idealTree │ ├── isarray@1.0.0
128 silly idealTree │ ├── isstream@0.1.2
128 silly idealTree │ ├── jodid25519@1.0.2
128 silly idealTree │ ├── jsbn@0.1.1
128 silly idealTree │ ├── json-schema@0.2.3
128 silly idealTree │ ├── json-stable-stringify@1.0.1
128 silly idealTree │ ├── json-stringify-safe@5.0.1
128 silly idealTree │ ├── jsonify@0.0.0
128 silly idealTree │ ├─┬ jsprim@1.4.0
128 silly idealTree │ │ └── assert-plus@1.0.0
128 silly idealTree │ ├── mime-db@1.27.0
128 silly idealTree │ ├── mime-types@2.1.15
128 silly idealTree │ ├── minimatch@3.0.4
128 silly idealTree │ ├── minimist@0.0.8
128 silly idealTree │ ├── mkdirp@0.5.1
128 silly idealTree │ ├── ms@2.0.0
128 silly idealTree │ ├── node-pre-gyp@0.6.36
128 silly idealTree │ ├── nopt@4.0.1
128 silly idealTree │ ├── npmlog@4.1.0
128 silly idealTree │ ├── number-is-nan@1.0.1
128 silly idealTree │ ├── oauth-sign@0.8.2
128 silly idealTree │ ├── object-assign@4.1.1
128 silly idealTree │ ├── once@1.4.0
128 silly idealTree │ ├── os-homedir@1.0.2
128 silly idealTree │ ├── os-tmpdir@1.0.2
128 silly idealTree │ ├── osenv@0.1.4
128 silly idealTree │ ├── path-is-absolute@1.0.1
128 silly idealTree │ ├── performance-now@0.2.0
128 silly idealTree │ ├── process-nextick-args@1.0.7
128 silly idealTree │ ├── punycode@1.4.1
128 silly idealTree │ ├── qs@6.4.0
128 silly idealTree │ ├─┬ rc@1.2.1
128 silly idealTree │ │ └── minimist@1.2.0
128 silly idealTree │ ├── readable-stream@2.2.9
128 silly idealTree │ ├── request@2.81.0
128 silly idealTree │ ├── rimraf@2.6.1
128 silly idealTree │ ├── safe-buffer@5.0.1
128 silly idealTree │ ├── semver@5.3.0
128 silly idealTree │ ├── set-blocking@2.0.0
128 silly idealTree │ ├── signal-exit@3.0.2
128 silly idealTree │ ├── sntp@1.0.9
128 silly idealTree │ ├─┬ sshpk@1.13.0
128 silly idealTree │ │ └── assert-plus@1.0.0
128 silly idealTree │ ├── string_decoder@1.0.1
128 silly idealTree │ ├── string-width@1.0.2
128 silly idealTree │ ├── stringstream@0.0.5
128 silly idealTree │ ├── strip-ansi@3.0.1
128 silly idealTree │ ├── strip-json-comments@2.0.1
128 silly idealTree │ ├── tar-pack@3.4.0
128 silly idealTree │ ├── tar@2.2.1
128 silly idealTree │ ├── tough-cookie@2.3.2
128 silly idealTree │ ├── tunnel-agent@0.6.0
128 silly idealTree │ ├── tweetnacl@0.14.5
128 silly idealTree │ ├── uid-number@0.0.6
128 silly idealTree │ ├── util-deprecate@1.0.2
128 silly idealTree │ ├── uuid@3.0.1
128 silly idealTree │ ├── verror@1.3.6
128 silly idealTree │ ├── wide-align@1.1.2
128 silly idealTree │ └── wrappy@1.0.2
128 silly idealTree ├── function-bind@1.1.0
128 silly idealTree ├── generate-function@2.0.0
128 silly idealTree ├── generate-object-property@1.2.0
128 silly idealTree ├── glob-base@0.3.0
128 silly idealTree ├── glob-parent@2.0.0
128 silly idealTree ├── glob@7.1.2
128 silly idealTree ├── globals@9.18.0
128 silly idealTree ├── globby@5.0.0
128 silly idealTree ├─┬ got@3.3.1
128 silly idealTree │ └── object-assign@3.0.0
128 silly idealTree ├── graceful-fs@4.1.11
128 silly idealTree ├── has-ansi@2.0.0
128 silly idealTree ├── has@1.0.1
128 silly idealTree ├── helmet-csp@1.2.2
128 silly idealTree ├── helmet@2.3.0
128 silly idealTree ├── hide-powered-by@1.0.0
128 silly idealTree ├── hoek@2.16.3
128 silly idealTree ├── hooks-fixed@2.0.0
128 silly idealTree ├── hosted-git-info@2.4.2
128 silly idealTree ├── hpkp@1.2.0
128 silly idealTree ├── hsts@1.0.0
128 silly idealTree ├── http-errors@1.6.1
128 silly idealTree ├── iconv-lite@0.4.15
128 silly idealTree ├── ienoopen@1.0.0
128 silly idealTree ├── ignore-by-default@1.0.1
128 silly idealTree ├── ignore@3.3.3
128 silly idealTree ├── imurmurhash@0.1.4
128 silly idealTree ├── infinity-agent@2.0.3
128 silly idealTree ├── inflight@1.0.6
128 silly idealTree ├── inherits@2.0.3
128 silly idealTree ├── ini@1.3.4
128 silly idealTree ├── inquirer@0.12.0
128 silly idealTree ├── interpret@1.0.3
128 silly idealTree ├── ipaddr.js@1.3.0
128 silly idealTree ├── is-arrayish@0.2.1
128 silly idealTree ├── is-binary-path@1.0.1
128 silly idealTree ├── is-buffer@1.1.5
128 silly idealTree ├── is-builtin-module@1.0.0
128 silly idealTree ├── is-dotfile@1.0.3
128 silly idealTree ├── is-equal-shallow@0.1.3
128 silly idealTree ├── is-extendable@0.1.1
128 silly idealTree ├── is-extglob@1.0.0
128 silly idealTree ├── is-finite@1.0.2
128 silly idealTree ├── is-fullwidth-code-point@1.0.0
128 silly idealTree ├── is-glob@2.0.1
128 silly idealTree ├── is-my-json-valid@2.16.0
128 silly idealTree ├── is-npm@1.0.0
128 silly idealTree ├── is-number@2.1.0
128 silly idealTree ├── is-path-cwd@1.0.0
128 silly idealTree ├── is-path-in-cwd@1.0.0
128 silly idealTree ├── is-path-inside@1.0.0
128 silly idealTree ├── is-posix-bracket@0.1.1
128 silly idealTree ├── is-primitive@2.0.0
128 silly idealTree ├── is-property@1.0.2
128 silly idealTree ├── is-redirect@1.0.0
128 silly idealTree ├── is-resolvable@1.0.0
128 silly idealTree ├── is-stream@1.1.0
128 silly idealTree ├── isarray@1.0.0
128 silly idealTree ├── isemail@1.2.0
128 silly idealTree ├── isobject@2.1.0
128 silly idealTree ├── isstream@0.1.2
128 silly idealTree ├── joi@6.10.1
128 silly idealTree ├── js-tokens@3.0.1
128 silly idealTree ├── js-yaml@3.8.4
128 silly idealTree ├── json-stable-stringify@1.0.1
128 silly idealTree ├── jsonify@0.0.0
128 silly idealTree ├── jsonpointer@4.0.1
128 silly idealTree ├── jsonwebtoken@7.4.1
128 silly idealTree ├── jwa@1.1.5
128 silly idealTree ├── jws@3.1.4
128 silly idealTree ├── kareem@1.4.1
128 silly idealTree ├── kind-of@3.2.2
128 silly idealTree ├── latest-version@1.0.1
128 silly idealTree ├── levn@0.3.0
128 silly idealTree ├── load-json-file@2.0.0
128 silly idealTree ├─┬ locate-path@2.0.0
128 silly idealTree │ └── path-exists@3.0.0
128 silly idealTree ├── lodash._baseassign@3.2.0
128 silly idealTree ├── lodash._basecopy@3.0.1
128 silly idealTree ├── lodash._bindcallback@3.0.1
128 silly idealTree ├── lodash._createassigner@3.1.1
128 silly idealTree ├── lodash._getnative@3.9.1
128 silly idealTree ├── lodash._isiterateecall@3.0.9
128 silly idealTree ├── lodash.assign@3.2.0
128 silly idealTree ├── lodash.cond@4.5.2
128 silly idealTree ├── lodash.defaults@3.1.2
128 silly idealTree ├── lodash.isarguments@3.1.0
128 silly idealTree ├── lodash.isarray@3.0.4
128 silly idealTree ├── lodash.keys@3.1.2
128 silly idealTree ├── lodash.once@4.1.1
128 silly idealTree ├── lodash.reduce@4.5.0
128 silly idealTree ├── lodash.restparam@3.6.1
128 silly idealTree ├── lodash@4.17.4
128 silly idealTree ├── lowercase-keys@1.0.0
128 silly idealTree ├── map-stream@0.1.0
128 silly idealTree ├── media-typer@0.3.0
128 silly idealTree ├── merge-descriptors@1.0.1
128 silly idealTree ├─┬ method-override@2.3.9
128 silly idealTree │ └── debug@2.6.8
128 silly idealTree ├── methods@1.1.2
128 silly idealTree ├── micromatch@2.3.11
128 silly idealTree ├── mime-db@1.27.0
128 silly idealTree ├── mime-types@2.1.15
128 silly idealTree ├── mime@1.3.4
128 silly idealTree ├── minimatch@3.0.4
128 silly idealTree ├── minimist@0.0.8
128 silly idealTree ├── mkdirp@0.5.1
128 silly idealTree ├── moment@2.18.1
128 silly idealTree ├── mongodb-core@2.1.11
128 silly idealTree ├── mongodb@2.2.27
128 silly idealTree ├── mongoose-auto-increment@5.0.1
128 silly idealTree ├── mongoose@4.11.0
128 silly idealTree ├─┬ morgan@1.8.2
128 silly idealTree │ └── debug@2.6.8
128 silly idealTree ├── mpath@0.3.0
128 silly idealTree ├── mpromise@0.5.5
128 silly idealTree ├─┬ mquery@2.3.1
128 silly idealTree │ ├── bluebird@2.10.2
128 silly idealTree │ ├── debug@2.6.8
128 silly idealTree │ └── sliced@0.0.5
128 silly idealTree ├── ms@2.0.0
128 silly idealTree ├── muri@1.2.1
128 silly idealTree ├── mute-stream@0.0.5
128 silly idealTree ├── nan@2.6.2
128 silly idealTree ├── natural-compare@1.4.0
128 silly idealTree ├── negotiator@0.6.1
128 silly idealTree ├── nested-error-stacks@1.0.2
128 silly idealTree ├── nocache@1.0.1
128 silly idealTree ├─┬ node-mongoose-validator@1.2.0
128 silly idealTree │ └── lodash@3.10.1
128 silly idealTree ├── nodemon@1.11.0
128 silly idealTree ├── nopt@1.0.10
128 silly idealTree ├── normalize-package-data@2.3.8
128 silly idealTree ├── normalize-path@2.1.1
128 silly idealTree ├── number-is-nan@1.0.1
128 silly idealTree ├── object-assign@4.1.1
128 silly idealTree ├── object.omit@2.0.1
128 silly idealTree ├── on-finished@2.3.0
128 silly idealTree ├── on-headers@1.0.1
128 silly idealTree ├── once@1.3.3
128 silly idealTree ├── onetime@1.1.0
128 silly idealTree ├── optionator@0.8.2
128 silly idealTree ├── os-homedir@1.0.2
128 silly idealTree ├── os-tmpdir@1.0.2
128 silly idealTree ├── osenv@0.1.4
128 silly idealTree ├── p-limit@1.1.0
128 silly idealTree ├── p-locate@2.0.0
128 silly idealTree ├── package-json@1.2.0
128 silly idealTree ├── parse-glob@3.0.4
128 silly idealTree ├── parse-json@2.2.0
128 silly idealTree ├── parseurl@1.3.1
128 silly idealTree ├── path-exists@2.1.0
128 silly idealTree ├── path-is-absolute@1.0.1
128 silly idealTree ├── path-is-inside@1.0.2
128 silly idealTree ├── path-parse@1.0.5
128 silly idealTree ├── path-to-regexp@0.1.7
128 silly idealTree ├── path-type@2.0.0
128 silly idealTree ├── pause-stream@0.0.11
128 silly idealTree ├── pify@2.3.0
128 silly idealTree ├── pinkie-promise@2.0.1
128 silly idealTree ├── pinkie@2.0.4
128 silly idealTree ├── pkg-dir@1.0.0
128 silly idealTree ├── platform@1.3.1
128 silly idealTree ├── pluralize@1.2.1
128 silly idealTree ├── prelude-ls@1.1.2
128 silly idealTree ├── prepend-http@1.0.4
128 silly idealTree ├── preserve@0.2.0
128 silly idealTree ├── process-nextick-args@1.0.7
128 silly idealTree ├── progress@1.1.8
128 silly idealTree ├── proxy-addr@1.1.4
128 silly idealTree ├── ps-tree@1.1.0
128 silly idealTree ├── qs@6.4.0
128 silly idealTree ├─┬ randomatic@1.1.7
128 silly idealTree │ ├─┬ is-number@3.0.0
128 silly idealTree │ │ └── kind-of@3.2.2
128 silly idealTree │ └── kind-of@4.0.0
128 silly idealTree ├── range-parser@1.2.0
128 silly idealTree ├── raw-body@2.2.0
128 silly idealTree ├─┬ rc@1.2.1
128 silly idealTree │ └── minimist@1.2.0
128 silly idealTree ├── read-all-stream@3.1.0
128 silly idealTree ├─┬ read-pkg-up@2.0.0
128 silly idealTree │ └── find-up@2.1.0
128 silly idealTree ├── read-pkg@2.0.0
128 silly idealTree ├── readable-stream@2.2.7
128 silly idealTree ├── readdirp@2.1.0
128 silly idealTree ├── readline2@1.0.1
128 silly idealTree ├── rechoir@0.6.2
128 silly idealTree ├── referrer-policy@1.0.0
128 silly idealTree ├── regex-cache@0.4.3
128 silly idealTree ├── regexp-clone@0.0.1
128 silly idealTree ├── registry-url@3.1.0
128 silly idealTree ├── remove-trailing-separator@1.0.2
128 silly idealTree ├── repeat-element@1.1.2
128 silly idealTree ├── repeat-string@1.6.1
128 silly idealTree ├── repeating@1.1.3
128 silly idealTree ├── require_optional@1.0.1
128 silly idealTree ├─┬ require-uncached@1.0.3
128 silly idealTree │ └── resolve-from@1.0.1
128 silly idealTree ├── resolve-from@2.0.0
128 silly idealTree ├── resolve@1.3.3
128 silly idealTree ├── restore-cursor@1.0.1
128 silly idealTree ├── rimraf@2.6.1
128 silly idealTree ├── run-async@0.1.0
128 silly idealTree ├── rx-lite@3.1.2
128 silly idealTree ├── safe-buffer@5.1.1
128 silly idealTree ├── semver-diff@2.1.0
128 silly idealTree ├── semver@5.3.0
128 silly idealTree ├── send@0.15.3
128 silly idealTree ├── serve-static@1.12.3
128 silly idealTree ├── set-immediate-shim@1.0.1
128 silly idealTree ├── setprototypeof@1.0.3
128 silly idealTree ├── shelljs@0.7.8
128 silly idealTree ├── slice-ansi@0.0.4
128 silly idealTree ├── sliced@1.0.1
128 silly idealTree ├── slide@1.1.6
128 silly idealTree ├── spdx-correct@1.0.2
128 silly idealTree ├── spdx-expression-parse@1.0.4
128 silly idealTree ├── spdx-license-ids@1.2.2
128 silly idealTree ├── split@0.3.3
128 silly idealTree ├── sprintf-js@1.0.3
128 silly idealTree ├── stack-trace@0.0.10
128 silly idealTree ├── statuses@1.3.1
128 silly idealTree ├── stream-combiner@0.0.4
128 silly idealTree ├── stream-shift@1.0.0
128 silly idealTree ├── string_decoder@1.0.3
128 silly idealTree ├── string-length@1.0.1
128 silly idealTree ├── string-width@1.0.2
128 silly idealTree ├── strip-ansi@3.0.1
128 silly idealTree ├── strip-bom@3.0.0
128 silly idealTree ├── strip-json-comments@2.0.1
128 silly idealTree ├── supports-color@2.0.0
128 silly idealTree ├─┬ table@3.8.3
128 silly idealTree │ ├── is-fullwidth-code-point@2.0.0
128 silly idealTree │ └── string-width@2.0.0
128 silly idealTree ├── text-table@0.2.0
128 silly idealTree ├── through@2.3.8
128 silly idealTree ├── timed-out@2.0.0
128 silly idealTree ├── topo@1.1.0
128 silly idealTree ├── touch@1.0.0
128 silly idealTree ├── tryit@1.0.3
128 silly idealTree ├── type-check@0.3.2
128 silly idealTree ├── type-is@1.6.15
128 silly idealTree ├── typedarray@0.0.6
128 silly idealTree ├── undefsafe@0.0.3
128 silly idealTree ├── unpipe@1.0.0
128 silly idealTree ├── update-notifier@0.5.0
128 silly idealTree ├── user-home@2.0.0
128 silly idealTree ├── util-deprecate@1.0.2
128 silly idealTree ├── utils-merge@1.0.0
128 silly idealTree ├── uuid@2.0.3
128 silly idealTree ├── validate-npm-package-license@3.0.1
128 silly idealTree ├── validator@4.9.0
128 silly idealTree ├── vary@1.1.1
128 silly idealTree ├─┬ winston@2.3.1
128 silly idealTree │ └── async@1.0.0
128 silly idealTree ├── wordwrap@1.0.0
128 silly idealTree ├── wrappy@1.0.2
128 silly idealTree ├── write-file-atomic@1.3.4
128 silly idealTree ├── write@0.2.1
128 silly idealTree ├── x-xss-protection@1.0.0
128 silly idealTree ├── xdg-basedir@2.0.0
128 silly idealTree └── xtend@4.0.1
129 silly generateActionsToTake Starting
130 silly install generateActionsToTake
131 silly generateActionsToTake Finishing
132 silly diffTrees action count 3
133 silly diffTrees add nan@1.3.0
134 silly diffTrees add bindings@1.0.0
135 silly diffTrees add bcrypt@0.8.0
136 silly decomposeActions action count 24
137 silly decomposeActions fetch nan@1.3.0
138 silly decomposeActions extract nan@1.3.0
139 silly decomposeActions test nan@1.3.0
140 silly decomposeActions preinstall nan@1.3.0
141 silly decomposeActions build nan@1.3.0
142 silly decomposeActions install nan@1.3.0
143 silly decomposeActions postinstall nan@1.3.0
144 silly decomposeActions finalize nan@1.3.0
145 silly decomposeActions fetch bindings@1.0.0
146 silly decomposeActions extract bindings@1.0.0
147 silly decomposeActions test bindings@1.0.0
148 silly decomposeActions preinstall bindings@1.0.0
149 silly decomposeActions build bindings@1.0.0
150 silly decomposeActions install bindings@1.0.0
151 silly decomposeActions postinstall bindings@1.0.0
152 silly decomposeActions finalize bindings@1.0.0
153 silly decomposeActions fetch bcrypt@0.8.0
154 silly decomposeActions extract bcrypt@0.8.0
155 silly decomposeActions test bcrypt@0.8.0
156 silly decomposeActions preinstall bcrypt@0.8.0
157 silly decomposeActions build bcrypt@0.8.0
158 silly decomposeActions install bcrypt@0.8.0
159 silly decomposeActions postinstall bcrypt@0.8.0
160 silly decomposeActions finalize bcrypt@0.8.0
161 silly runTopLevelLifecycles Starting
162 silly install runPreinstallTopLevelLifecycles
163 silly preinstall node-mongo-docker-starter@1.0.0 /Users/admin/ordermanagementback/node-mongo-docker-starter-4092c250
164 info lifecycle node-mongo-docker-starter@1.0.0~preinstall: node-mongo-docker-starter@1.0.0
165 silly lifecycle node-mongo-docker-starter@1.0.0~preinstall: no script for preinstall, continuing
166 silly executeActions Starting
167 silly install executeActions
168 silly doSerial global-install 0
169 silly doParallel fetch 3
170 verbose correctMkdir /Users/admin/.npm/_locks correctMkdir not in flight; initializing
171 verbose lock using /Users/admin/.npm/_locks/staging-4e562811a0fe0214.lock for /Users/admin/ordermanagementback/node_modules/.staging
172 silly doParallel extract 3
173 silly extract nan@1.3.0
174 silly extract bindings@1.0.0
175 silly extract bcrypt@0.8.0
176 verbose unbuild node_modules/.staging/nan-5791a663
177 verbose unbuild node_modules/.staging/bindings-5a7118ba
178 verbose unbuild node_modules/.staging/bcrypt-5913dd23
179 silly gentlyRm /Users/admin/ordermanagementback/node_modules/.staging/nan-5791a663 is being purged from base /Users/admin/ordermanagementback
180 verbose gentlyRm don't care about contents; nuking /Users/admin/ordermanagementback/node_modules/.staging/nan-5791a663
181 silly gentlyRm /Users/admin/ordermanagementback/node_modules/.staging/bindings-5a7118ba is being purged from base /Users/admin/ordermanagementback
182 verbose gentlyRm don't care about contents; nuking /Users/admin/ordermanagementback/node_modules/.staging/bindings-5a7118ba
183 silly gentlyRm /Users/admin/ordermanagementback/node_modules/.staging/bcrypt-5913dd23 is being purged from base /Users/admin/ordermanagementback
184 verbose gentlyRm don't care about contents; nuking /Users/admin/ordermanagementback/node_modules/.staging/bcrypt-5913dd23
185 verbose tar unpack /Users/admin/.npm/nan/1.3.0/package.tgz
186 verbose tar unpacking to /Users/admin/ordermanagementback/node_modules/.staging/nan-5791a663
187 silly gentlyRm /Users/admin/ordermanagementback/node_modules/.staging/nan-5791a663 is being purged
188 verbose gentlyRm don't care about contents; nuking /Users/admin/ordermanagementback/node_modules/.staging/nan-5791a663
189 verbose tar unpack /Users/admin/.npm/bindings/1.0.0/package.tgz
190 verbose tar unpacking to /Users/admin/ordermanagementback/node_modules/.staging/bindings-5a7118ba
191 silly gentlyRm /Users/admin/ordermanagementback/node_modules/.staging/bindings-5a7118ba is being purged
192 verbose gentlyRm don't care about contents; nuking /Users/admin/ordermanagementback/node_modules/.staging/bindings-5a7118ba
193 verbose tar unpack /Users/admin/.npm/bcrypt/0.8.0/package.tgz
194 verbose tar unpacking to /Users/admin/ordermanagementback/node_modules/.staging/bcrypt-5913dd23
195 silly gentlyRm /Users/admin/ordermanagementback/node_modules/.staging/bcrypt-5913dd23 is being purged
196 verbose gentlyRm don't care about contents; nuking /Users/admin/ordermanagementback/node_modules/.staging/bcrypt-5913dd23
197 silly gunzTarPerm modes [ '755', '644' ]
198 silly gunzTarPerm modes [ '755', '644' ]
199 silly gunzTarPerm modes [ '755', '644' ]
200 silly gunzTarPerm extractEntry package.json
201 silly gunzTarPerm modified mode [ 'package.json', 436, 420 ]
202 silly gunzTarPerm extractEntry package.json
203 silly gunzTarPerm extractEntry package.json
204 silly gunzTarPerm extractEntry README.md
205 silly gunzTarPerm modified mode [ 'README.md', 436, 420 ]
206 silly gunzTarPerm extractEntry LICENSE
207 silly gunzTarPerm modified mode [ 'LICENSE', 436, 420 ]
208 silly gunzTarPerm extractEntry README.md
209 silly gunzTarPerm extractEntry bindings.js
210 silly gunzTarPerm extractEntry .npmignore
211 silly gunzTarPerm extractEntry README.md
212 silly gunzTarPerm extractEntry include_dirs.js
213 silly gunzTarPerm modified mode [ 'include_dirs.js', 436, 420 ]
214 silly gunzTarPerm extractEntry CHANGELOG.md
215 silly gunzTarPerm modified mode [ 'CHANGELOG.md', 436, 420 ]
216 silly gunzTarPerm extractEntry .dntrc
217 silly gunzTarPerm modified mode [ '.dntrc', 436, 420 ]
218 silly gunzTarPerm extractEntry LICENSE
219 silly gunzTarPerm extractEntry bcrypt.js
220 silly gunzTarPerm extractEntry nan.h
221 silly gunzTarPerm modified mode [ 'nan.h', 436, 420 ]
222 silly gunzTarPerm extractEntry appveyor.yml
223 silly gunzTarPerm modified mode [ 'appveyor.yml', 436, 420 ]
224 silly gunzTarPerm extractEntry CHANGELOG.md
225 silly gunzTarPerm extractEntry werker.yml
226 silly gunzTarPerm extractEntry .travis.yml
227 silly gunzTarPerm extractEntry examples/async_compare.js
228 silly gunzTarPerm extractEntry examples/forever_gen_salt.js
229 silly gentlyRm /Users/admin/ordermanagementback/node_modules/.staging/bindings-5a7118ba/node_modules is being purged
230 verbose gentlyRm don't care about contents; nuking /Users/admin/ordermanagementback/node_modules/.staging/bindings-5a7118ba/node_modules
231 silly gunzTarPerm extractEntry test/async.js
232 silly gunzTarPerm extractEntry test/repetitions.js
233 silly gunzTarPerm extractEntry test/sync.js
234 silly gunzTarPerm extractEntry Makefile
235 silly gunzTarPerm extractEntry src/bcrypt.cc
236 silly gunzTarPerm extractEntry src/bcrypt_node.cc
237 silly gunzTarPerm extractEntry src/blowfish.cc
238 silly gunzTarPerm extractEntry src/node_blf.h
239 silly gunzTarPerm extractEntry binding.gyp
240 silly gentlyRm /Users/admin/ordermanagementback/node_modules/.staging/nan-5791a663/node_modules is being purged
241 verbose gentlyRm don't care about contents; nuking /Users/admin/ordermanagementback/node_modules/.staging/nan-5791a663/node_modules
242 silly gentlyRm /Users/admin/ordermanagementback/node_modules/.staging/bcrypt-5913dd23/node_modules is being purged
243 verbose gentlyRm don't care about contents; nuking /Users/admin/ordermanagementback/node_modules/.staging/bcrypt-5913dd23/node_modules
244 silly doParallel preinstall 3
245 silly preinstall nan@1.3.0 /Users/admin/ordermanagementback/node_modules/.staging/nan-5791a663
246 info lifecycle nan@1.3.0~preinstall: nan@1.3.0
247 silly preinstall bindings@1.0.0 /Users/admin/ordermanagementback/node_modules/.staging/bindings-5a7118ba
248 info lifecycle bindings@1.0.0~preinstall: bindings@1.0.0
249 silly preinstall bcrypt@0.8.0 /Users/admin/ordermanagementback/node_modules/.staging/bcrypt-5913dd23
250 info lifecycle bcrypt@0.8.0~preinstall: bcrypt@0.8.0
251 silly lifecycle nan@1.3.0~preinstall: no script for preinstall, continuing
252 silly lifecycle bindings@1.0.0~preinstall: no script for preinstall, continuing
253 silly lifecycle bcrypt@0.8.0~preinstall: no script for preinstall, continuing
254 silly doReverseSerial remove 0
255 silly doSerial move 0
256 silly doSerial finalize 3
257 silly finalize /Users/admin/ordermanagementback/node_modules/bcrypt/node_modules/nan
258 silly finalize /Users/admin/ordermanagementback/node_modules/bindings
259 silly finalize /Users/admin/ordermanagementback/node_modules/bcrypt
260 silly doSerial build 3
261 silly build nan@1.3.0
262 info linkStuff nan@1.3.0
263 silly linkStuff nan@1.3.0 has /Users/admin/ordermanagementback/node_modules/bcrypt/node_modules as its parent node_modules
264 verbose linkBins nan@1.3.0
265 verbose linkMans nan@1.3.0
266 silly build bindings@1.0.0
267 info linkStuff bindings@1.0.0
268 silly linkStuff bindings@1.0.0 has /Users/admin/ordermanagementback/node_modules as its parent node_modules
269 verbose linkBins bindings@1.0.0
270 verbose linkMans bindings@1.0.0
271 silly build bcrypt@0.8.0
272 info linkStuff bcrypt@0.8.0
273 silly linkStuff bcrypt@0.8.0 has /Users/admin/ordermanagementback/node_modules as its parent node_modules
274 verbose linkBins bcrypt@0.8.0
275 verbose linkMans bcrypt@0.8.0
276 silly doSerial global-link 0
277 silly doParallel update-linked 0
278 silly doSerial install 3
279 silly install nan@1.3.0 /Users/admin/ordermanagementback/node_modules/.staging/nan-5791a663
280 info lifecycle nan@1.3.0~install: nan@1.3.0
281 silly lifecycle nan@1.3.0~install: no script for install, continuing
282 silly install bindings@1.0.0 /Users/admin/ordermanagementback/node_modules/.staging/bindings-5a7118ba
283 info lifecycle bindings@1.0.0~install: bindings@1.0.0
284 silly lifecycle bindings@1.0.0~install: no script for install, continuing
285 silly install bcrypt@0.8.0 /Users/admin/ordermanagementback/node_modules/.staging/bcrypt-5913dd23
286 info lifecycle bcrypt@0.8.0~install: bcrypt@0.8.0
287 verbose lifecycle bcrypt@0.8.0~install: unsafe-perm in lifecycle true
288 verbose lifecycle bcrypt@0.8.0~install: PATH: /usr/local/lib/node_modules/npm/bin/node-gyp-bin:/Users/admin/ordermanagementback/node_modules/bcrypt/node_modules/.bin:/Users/admin/ordermanagementback/node_modules/.bin:/usr/local/bin:/usr/bin:/bin:/usr/sbin:/sbin
289 verbose lifecycle bcrypt@0.8.0~install: CWD: /Users/admin/ordermanagementback/node_modules/bcrypt
290 silly lifecycle bcrypt@0.8.0~install: Args: [ '-c', 'node-gyp rebuild' ]
291 silly lifecycle bcrypt@0.8.0~install: Returned: code: 1  signal: null
292 info lifecycle bcrypt@0.8.0~install: Failed to exec install script
293 verbose unlock done using /Users/admin/.npm/_locks/staging-4e562811a0fe0214.lock for /Users/admin/ordermanagementback/node_modules/.staging
294 silly rollbackFailedOptional Starting
295 silly rollbackFailedOptional Finishing
296 silly runTopLevelLifecycles Finishing
297 silly install printInstalled
298 verbose stack Error: bcrypt@0.8.0 install: `node-gyp rebuild`
298 verbose stack Exit status 1
298 verbose stack     at EventEmitter.<anonymous> (/usr/local/lib/node_modules/npm/lib/utils/lifecycle.js:255:16)
298 verbose stack     at emitTwo (events.js:106:13)
298 verbose stack     at EventEmitter.emit (events.js:191:7)
298 verbose stack     at ChildProcess.<anonymous> (/usr/local/lib/node_modules/npm/lib/utils/spawn.js:40:14)
298 verbose stack     at emitTwo (events.js:106:13)
298 verbose stack     at ChildProcess.emit (events.js:191:7)
298 verbose stack     at maybeClose (internal/child_process.js:886:16)
298 verbose stack     at Process.ChildProcess._handle.onexit (internal/child_process.js:226:5)
299 verbose pkgid bcrypt@0.8.0
300 verbose cwd /Users/admin/ordermanagementback
301 error Darwin 15.6.0
302 error argv "/usr/local/bin/node" "/usr/local/bin/npm" "install"
303 error node v6.10.3
304 error npm  v3.10.10
305 error code ELIFECYCLE
306 error bcrypt@0.8.0 install: `node-gyp rebuild`
306 error Exit status 1
307 error Failed at the bcrypt@0.8.0 install script 'node-gyp rebuild'.
307 error Make sure you have the latest version of node.js and npm installed.
307 error If you do, this is most likely a problem with the bcrypt package,
307 error not with npm itself.
307 error Tell the author that this fails on your system:
307 error     node-gyp rebuild
307 error You can get information on how to open an issue for this project with:
307 error     npm bugs bcrypt
307 error Or if that isn't available, you can get their info via:
307 error     npm owner ls bcrypt
307 error There is likely additional logging output above.
308 verbose exit [ 1, true ]
